
/app/src/app/models/grok/playground/components/AsteroidsGame.tsx
  323:6  warning  React Hook useEffect has a missing dependency: 'gameLoop'. Either include it or remove the dependency array  react-hooks/exhaustive-deps

/app/src/app/models/grok/playground/components/BreakoutGame.tsx
  279:6  warning  React Hook useEffect has a missing dependency: 'handleKeyDown'. Either include it or remove the dependency array  react-hooks/exhaustive-deps

/app/src/app/models/grok/playground/components/ColorChangeGame.tsx
   74:32  error    Error: Cannot call impure function during render

`Math.random` is an impure function. Calling an impure function can produce unstable results that update unpredictably when the component happens to re-render. (https://react.dev/reference/rules/components-and-hooks-must-be-pure#components-and-hooks-must-be-idempotent).

/app/src/app/models/grok/playground/components/ColorChangeGame.tsx:74:32
  72 |         x: (width - OBSTACLE_WIDTH) / 2,
  73 |         y: -50 - i * 150,
> 74 |         colorIndex: Math.floor(Math.random() * COLORS.length),
     |                                ^^^^^^^^^^^^^ Cannot call impure function
  75 |         passed: false,
  76 |       });
  77 |     }  react-hooks/purity
  140:9   warning  'collisionBox' is assigned a value but never used                                                                                                                                                                                                                                                                                                                                                                                                                                                                                                                                                                                                                                                              @typescript-eslint/no-unused-vars
  229:6   warning  React Hook useEffect has missing dependencies: 'handleKeyDown' and 'handleTouchStart'. Either include them or remove the dependency array                                                                                                                                                                                                                                                                                                                                                                                                                                                                                                                                                                      react-hooks/exhaustive-deps

/app/src/app/models/grok/playground/components/ColorSwitchGame.tsx
  215:6  warning  React Hook useEffect has a missing dependency: 'render'. Either include it or remove the dependency array  react-hooks/exhaustive-deps

/app/src/app/models/grok/playground/components/EndlessJumperGame.tsx
  207:6  warning  React Hook useEffect has a missing dependency: 'handleKeyDown'. Either include it or remove the dependency array  react-hooks/exhaustive-deps

/app/src/app/models/grok/playground/components/FlipDashGame.tsx
  268:6  warning  React Hook useEffect has missing dependencies: 'canvasSize.height' and 'canvasSize.width'. Either include them or remove the dependency array  react-hooks/exhaustive-deps

/app/src/app/models/grok/playground/components/FruitSliceGame.tsx
  62:9   warning  Unused eslint-disable directive (no problems were reported from 'react-hooks/set-state-in-effect')
  65:11  warning  Unused eslint-disable directive (no problems were reported from 'react-hooks/set-state-in-effect')

/app/src/app/models/grok/playground/components/Game.tsx
  50:72  error    Unexpected any. Specify a different type            @typescript-eslint/no-explicit-any
  69:9   warning  'playJumpSound' is assigned a value but never used  @typescript-eslint/no-unused-vars

/app/src/app/models/grok/playground/components/GemBlitzGame.tsx
  267:13  warning  Unused eslint-disable directive (no problems were reported from 'react-hooks/purity')
  382:6   warning  React Hook useEffect has a missing dependency: 'render'. Either include it or remove the dependency array  react-hooks/exhaustive-deps

/app/src/app/models/grok/playground/components/GravityBallGame.tsx
   12:7   warning  'GRAVITY_TERMS' is assigned a value but only used as a type                                                                                                                                                                                                                                                                                                                                                                                                                                                                                                                                                                                                                                                                                                                                                                                    @typescript-eslint/no-unused-vars
  125:35  error    Compilation Skipped: Existing memoization could not be preserved

React Compiler has skipped optimizing this component because the existing manual memoization could not be preserved. This value was memoized in source but not in compilation output.

/app/src/app/models/grok/playground/components/GravityBallGame.tsx:125:35
  123 |   };
  124 |
> 125 |   const restartGame = useCallback(() => {
      |                                   ^^^^^^^
> 126 |     setPlaying(false);
      | ^^^^^^^^^^^^^^^^^^^^^^
> 127 |     setGameOver(false);
      | ^^^^^^^^^^^^^^^^^^^^^^
> 128 |     initGame();
      | ^^^^^^^^^^^^^^^^^^^^^^
> 129 |   }, [initGame]);
      | ^^^^ Could not preserve existing memoization
  130 |
  131 |   const applyGravity = (ball: typeof ballRef.current) => {
  132 |     switch (ball.gravity) {  react-hooks/preserve-manual-memoization
  407:6   warning  React Hook useEffect has a missing dependency: 'handleKeyPress'. Either include it or remove the dependency array                                                                                                                                                                                                                                                                                                                                                                                                                                                                                                                                                                                                                                                                                                                              react-hooks/exhaustive-deps

/app/src/app/models/grok/playground/components/HomeRunDerbyGame.tsx
  63:5  warning  Unused eslint-disable directive (no problems were reported from 'react-hooks/purity')

/app/src/app/models/grok/playground/components/HyperTapGame.tsx
  76:20  warning  'height' is assigned a value but never used  @typescript-eslint/no-unused-vars

/app/src/app/models/grok/playground/components/InfinityLoopGame.tsx
  3:1  warning  Unused eslint-disable directive (no problems were reported from 'react-hooks/exhaustive-deps' or 'react-hooks/set-state-in-effect')

/app/src/app/models/grok/playground/components/Match3PuzzleGame.tsx
  257:6  warning  React Hook useEffect has a missing dependency: 'render'. Either include it or remove the dependency array         react-hooks/exhaustive-deps
  288:6  warning  React Hook useEffect has a missing dependency: 'handleKeyDown'. Either include it or remove the dependency array  react-hooks/exhaustive-deps

/app/src/app/models/grok/playground/components/PacmanGame.tsx
  399:6  warning  React Hook useEffect has a missing dependency: 'handleKeyDown'. Either include it or remove the dependency array  react-hooks/exhaustive-deps

/app/src/app/models/grok/playground/components/ReflexTapGame.tsx
  32:13  warning  'dpr' is assigned a value but never used  @typescript-eslint/no-unused-vars

/app/src/app/models/grok/playground/components/TowerStackGame.tsx
  96:11  warning  'lastBlock' is assigned a value but never used  @typescript-eslint/no-unused-vars

/app/src/app/models/grok/playground/page.tsx
  36:8   warning  'ColorChangeGame' is defined but never used                                                                                                                                                                                                                                                                                                                                                                                                                                                                                                                                                                                                                                                                                                                                                                                                                                                                                                                                                                                               @typescript-eslint/no-unused-vars
  46:7   error    Error: Calling setState synchronously within an effect can trigger cascading renders

Effects are intended to synchronize state between React and external systems such as manually updating the DOM, state management libraries, or other platform APIs. In general, the body of an effect should do one or both of the following:
* Update external systems with the latest state from React.
* Subscribe for updates from some external system, calling setState in a callback function when external state changes.

Calling setState synchronously within an effect body causes cascading renders that can hurt performance, and is not recommended. (https://react.dev/learn/you-might-not-need-an-effect).

/app/src/app/models/grok/playground/page.tsx:46:7
  44 |     const gameParam = searchParams.get('game');
  45 |     if (gameParam) {
> 46 |       setSelectedGame(gameParam as any);
     |       ^^^^^^^^^^^^^^^ Avoid calling setState() directly within an effect
  47 |     }
  48 |   }, [searchParams]);
  49 |  react-hooks/set-state-in-effect
  46:36  error    Unexpected any. Specify a different type                                                                                                                                                                                                                                                                                                                                                                                                                                                                                                                                                                                                                                                                                                                                                                                                                                                                                                                                                                                                  @typescript-eslint/no-explicit-any

/app/src/app/models/mimo/playground/components/ColorCatch.tsx
   58:3  warning  'onScoreUpdate' is defined but never used                                                                                          @typescript-eslint/no-unused-vars
  131:6  warning  React Hook useEffect has missing dependencies: 'canvasRef' and 'containerRef'. Either include them or remove the dependency array  react-hooks/exhaustive-deps
  283:6  warning  React Hook useEffect has a missing dependency: 'canvasRef'. Either include it or remove the dependency array                       react-hooks/exhaustive-deps

/app/src/app/models/mimo/playground/components/ColorSwitch.tsx
   10:21  warning  'setObstacles' is assigned a value but never used                                                                                                                                                                                               @typescript-eslint/no-unused-vars
   17:10  warning  'speed' is assigned a value but never used                                                                                                                                                                                                      @typescript-eslint/no-unused-vars
   69:15  warning  'gapWidth' is assigned a value but never used                                                                                                                                                                                                   @typescript-eslint/no-unused-vars
  117:15  warning  'gapEnd' is assigned a value but never used                                                                                                                                                                                                     @typescript-eslint/no-unused-vars
  141:6   warning  React Hook useEffect has a missing dependency: 'rotationSpeed'. Either include it or remove the dependency array. You can also replace multiple useState variables with useReducer if 'setRotation' needs the current value of 'rotationSpeed'  react-hooks/exhaustive-deps

/app/src/app/models/mimo/playground/components/InfinityDrop.tsx
   12:7   warning  'updateAchievements' is assigned a value but never used                                                                                             @typescript-eslint/no-unused-vars
   45:7   warning  'generateDailyChallenges' is assigned a value but never used                                                                                        @typescript-eslint/no-unused-vars
   54:7   warning  'checkDailyChallenges' is assigned a value but never used                                                                                           @typescript-eslint/no-unused-vars
   54:92  error    Unexpected any. Specify a different type                                                                                                            @typescript-eslint/no-explicit-any
   58:41  error    Unexpected any. Specify a different type                                                                                                            @typescript-eslint/no-explicit-any
  109:57  error    Unexpected any. Specify a different type                                                                                                            @typescript-eslint/no-explicit-any
  113:28  error    Unexpected any. Specify a different type                                                                                                            @typescript-eslint/no-explicit-any
  116:21  warning  'setHighScore' is assigned a value but never used                                                                                                   @typescript-eslint/no-unused-vars
  117:10  warning  'stats' is assigned a value but never used                                                                                                          @typescript-eslint/no-unused-vars
  117:45  error    Unexpected any. Specify a different type                                                                                                            @typescript-eslint/no-explicit-any
  232:15  warning  'dailyChallengesCompleted' is assigned a value but never used                                                                                       @typescript-eslint/no-unused-vars
  233:31  error    Unexpected any. Specify a different type                                                                                                            @typescript-eslint/no-explicit-any
  257:6   warning  React Hook useEffect has missing dependencies: 'globalStats', 'setGlobalStats', and 'setStats'. Either include them or remove the dependency array  react-hooks/exhaustive-deps
  292:9   warning  'generateDailyChallenges' is assigned a value but never used                                                                                        @typescript-eslint/no-unused-vars
  301:94  error    Unexpected any. Specify a different type                                                                                                            @typescript-eslint/no-explicit-any
  305:43  error    Unexpected any. Specify a different type                                                                                                            @typescript-eslint/no-explicit-any
  341:27  error    Unexpected any. Specify a different type                                                                                                            @typescript-eslint/no-explicit-any

/app/src/app/models/mimo/playground/components/MimoMemory.tsx
  26:5  error  Error: Cannot access variable before it is declared

`initializeGame` is accessed before it is declared, which prevents the earlier access from updating when this value changes over time.

/app/src/app/models/mimo/playground/components/MimoMemory.tsx:26:5
  24 |   // Initialize game
  25 |   useEffect(() => {
> 26 |     initializeGame();
     |     ^^^^^^^^^^^^^^ `initializeGame` accessed before it is declared
  27 |   }, []);
  28 |
  29 |   const initializeGame = () => {

/app/src/app/models/mimo/playground/components/MimoMemory.tsx:29:3
  27 |   }, []);
  28 |
> 29 |   const initializeGame = () => {
     |   ^^^^^^^^^^^^^^^^^^^^^^^^^^^^^^
> 30 |     const shuffledCards = [...EMOJIS, ...EMOJIS]
     | ^^^^^^^^^^^^^^^^^^^^^^^^^^^^^^^^^^^^^^^^^^^^^^^^
> 31 |       .sort(() => Math.random() - 0.5)
     …
     | ^^^^^^^^^^^^^^^^^^^^^^^^^^^^^^^^^^^^^^^^^^^^^^^^
> 44 |     setScore(0);
     | ^^^^^^^^^^^^^^^^^^^^^^^^^^^^^^^^^^^^^^^^^^^^^^^^
> 45 |   };
     | ^^^^^ `initializeGame` is declared here
  46 |
  47 |   const handleCardClick = (id: number) => {
  48 |     // Prevent clicking if 2 cards are already flipped or card is already matched/flipped  react-hooks/immutability

/app/src/app/models/mimo/playground/components/QuickTap.tsx
   38:10  warning  'touchStartRef' is assigned a value but never used                                                                                                                                                                                                                                                                                                                                                                                                                                                                                                                                                                                                                                                                                                                                                                                                                                                                                                                                                                                                                                                                                                                                                                                                             @typescript-eslint/no-unused-vars
   41:21  warning  'setHighScore' is assigned a value but never used                                                                                                                                                                                                                                                                                                                                                                                                                                                                                                                                                                                                                                                                                                                                                                                                                                                                                                                                                                                                                                                                                                                                                                                                              @typescript-eslint/no-unused-vars
   78:6   warning  React Hook useEffect has a missing dependency: 'gameLoopRef'. Either include it or remove the dependency array                                                                                                                                                                                                                                                                                                                                                                                                                                                                                                                                                                                                                                                                                                                                                                                                                                                                                                                                                                                                                                                                                                                                                 react-hooks/exhaustive-deps
  146:42  error    Error: Cannot access variable before it is declared

`gameLoop` is accessed before it is declared, which prevents the earlier access from updating when this value changes over time.

/app/src/app/models/mimo/playground/components/QuickTap.tsx:146:42
  144 |     });
  145 |
> 146 |     setGameLoopRef(requestAnimationFrame(gameLoop));
      |                                          ^^^^^^^^ `gameLoop` accessed before it is declared
  147 |   }, [state, isTouching, gameLoopRef]);
  148 |
  149 |   // Start game

/app/src/app/models/mimo/playground/components/QuickTap.tsx:81:3
   79 |
   80 |   // Game loop
>  81 |   const gameLoop = useCallback(() => {
      |   ^^^^^^^^^^^^^^^^^^^^^^^^^^^^^^^^^^^^
>  82 |     if (!state.isPlaying || state.isGameOver) {
      | ^^^^^^^^^^^^^^^^^^^^^^^^^^^^^^^^^^^^^^^^^^^^^^^
>  83 |       return;
      …
      | ^^^^^^^^^^^^^^^^^^^^^^^^^^^^^^^^^^^^^^^^^^^^^^^
> 146 |     setGameLoopRef(requestAnimationFrame(gameLoop));
      | ^^^^^^^^^^^^^^^^^^^^^^^^^^^^^^^^^^^^^^^^^^^^^^^
> 147 |   }, [state, isTouching, gameLoopRef]);
      | ^^^^^^^^^^^^^^^^^^^^^^^^^^^^^^^^^^^^^^^^ `gameLoop` is declared here
  148 |
  149 |   // Start game
  150 |   const startGame = () => {  react-hooks/immutability
  147:6   warning  React Hook useCallback has a missing dependency: 'colors'. Either include it or remove the dependency array                                                                                                                                                                                                                                                                                                                                                                                                                                                                                                                                                                                                                                                                                                                                                                                                                                                                                                                                                                                                                                                                                                                                                    react-hooks/exhaustive-deps
  295:11  warning  'x' is assigned a value but never used                                                                                                                                                                                                                                                                                                                                                                                                                                                                                                                                                                                                                                                                                                                                                                                                                                                                                                                                                                                                                                                                                                                                                                                                                         @typescript-eslint/no-unused-vars
  296:11  warning  'y' is assigned a value but never used                                                                                                                                                                                                                                                                                                                                                                                                                                                                                                                                                                                                                                                                                                                                                                                                                                                                                                                                                                                                                                                                                                                                                                                                                         @typescript-eslint/no-unused-vars

/app/src/app/models/mimo/playground/components/Slide2048.tsx
    3:38  warning  'useRef' is defined but never used                                                                                                                                                                                                                                                                                                                                                                                                                                                                                                                                                                                                                                                                                                                                                                                                                                                                                                                                                                                                                                                                                                                                                                                                                                                                                                                                                                                                                                                                                                                                                                                                                                                                                                                                                                                                            @typescript-eslint/no-unused-vars
   16:24  warning  'setContainerRef' is assigned a value but never used                                                                                                                                                                                                                                                                                                                                                                                                                                                                                                                                                                                                                                                                                                                                                                                                                                                                                                                                                                                                                                                                                                                                                                                                                                                                                                                                                                                                                                                                                                                                                                                                                                                                                                                                                                                          @typescript-eslint/no-unused-vars
   50:5   error    Error: Cannot access variable before it is declared

`initBoard` is accessed before it is declared, which prevents the earlier access from updating when this value changes over time.

/app/src/app/models/mimo/playground/components/Slide2048.tsx:50:5
  48 |
  49 |   useEffect(() => {
> 50 |     initBoard();
     |     ^^^^^^^^^ `initBoard` accessed before it is declared
  51 |   }, [gridSize]);
  52 |
  53 |   const initBoard = () => {

/app/src/app/models/mimo/playground/components/Slide2048.tsx:53:3
  51 |   }, [gridSize]);
  52 |
> 53 |   const initBoard = () => {
     |   ^^^^^^^^^^^^^^^^^^^^^^^^^
> 54 |     const newBoard = Array(gridSize).fill(0).map(() => Array(gridSize).fill(0));
     | ^^^^^^^^^^^^^^^^^^^^^^^^^^^^^^^^^^^^^^^^^^^^^^^^^^^^^^^^^^^^^^^^^^^^^^^^^^^^^^^^
> 55 |     addRandomTile(newBoard);
     | ^^^^^^^^^^^^^^^^^^^^^^^^^^^^^^^^^^^^^^^^^^^^^^^^^^^^^^^^^^^^^^^^^^^^^^^^^^^^^^^^
> 56 |     addRandomTile(newBoard);
     | ^^^^^^^^^^^^^^^^^^^^^^^^^^^^^^^^^^^^^^^^^^^^^^^^^^^^^^^^^^^^^^^^^^^^^^^^^^^^^^^^
> 57 |     setBoard(newBoard);
     | ^^^^^^^^^^^^^^^^^^^^^^^^^^^^^^^^^^^^^^^^^^^^^^^^^^^^^^^^^^^^^^^^^^^^^^^^^^^^^^^^
> 58 |     setScore(0);
     | ^^^^^^^^^^^^^^^^^^^^^^^^^^^^^^^^^^^^^^^^^^^^^^^^^^^^^^^^^^^^^^^^^^^^^^^^^^^^^^^^
> 59 |     setGameOver(false);
     | ^^^^^^^^^^^^^^^^^^^^^^^^^^^^^^^^^^^^^^^^^^^^^^^^^^^^^^^^^^^^^^^^^^^^^^^^^^^^^^^^
> 60 |     setGameWon(false);
     | ^^^^^^^^^^^^^^^^^^^^^^^^^^^^^^^^^^^^^^^^^^^^^^^^^^^^^^^^^^^^^^^^^^^^^^^^^^^^^^^^
> 61 |     setCanContinue(false);
     | ^^^^^^^^^^^^^^^^^^^^^^^^^^^^^^^^^^^^^^^^^^^^^^^^^^^^^^^^^^^^^^^^^^^^^^^^^^^^^^^^
> 62 |   };
     | ^^^^^ `initBoard` is declared here
  63 |
  64 |   const addRandomTile = (board: number[][]) => {
  65 |     const emptyCells = [];  react-hooks/immutability
   51:6   warning  React Hook useEffect has a missing dependency: 'initBoard'. Either include it or remove the dependency array                                                                                                                                                                                                                                                                                                                                                                                                                                                                                                                                                                                                                                                                                                                                                                                                                                                                                                                                                                                                                                                                                                                                                                                                                                                                                                                                                                                                                                                                                                                                                                                                                                                                                                                                  react-hooks/exhaustive-deps
   83:9   error    'newBoard' is never reassigned. Use 'const' instead                                                                                                                                                                                                                                                                                                                                                                                                                                                                                                                                                                                                                                                                                                                                                                                                                                                                                                                                                                                                                                                                                                                                                                                                                                                                                                                                                                                                                                                                                                                                                                                                                                                                                                                                                                                           prefer-const
  265:9   warning  'handleKeyDown' is assigned a value but never used                                                                                                                                                                                                                                                                                                                                                                                                                                                                                                                                                                                                                                                                                                                                                                                                                                                                                                                                                                                                                                                                                                                                                                                                                                                                                                                                                                                                                                                                                                                                                                                                                                                                                                                                                                                            @typescript-eslint/no-unused-vars
  294:9   warning  'handleTouchStart' is assigned a value but never used                                                                                                                                                                                                                                                                                                                                                                                                                                                                                                                                                                                                                                                                                                                                                                                                                                                                                                                                                                                                                                                                                                                                                                                                                                                                                                                                                                                                                                                                                                                                                                                                                                                                                                                                                                                         @typescript-eslint/no-unused-vars

/app/src/app/models/mimo/playground/components/hooks.ts
  3:20  warning  'useEffect' is defined but never used  @typescript-eslint/no-unused-vars

/app/src/app/models/mimo/playground/hooks/useLocalStorage.ts
  3:20  warning  'useEffect' is defined but never used  @typescript-eslint/no-unused-vars

/app/src/app/models/mimo/playground/page.tsx
    10:8    warning  'InfinityDrop' is defined but never used               @typescript-eslint/no-unused-vars
    11:8    warning  'Slide2048' is defined but never used                  @typescript-eslint/no-unused-vars
    12:8    warning  'QuickTap' is defined but never used                   @typescript-eslint/no-unused-vars
    13:8    warning  'MimoMemory' is defined but never used                 @typescript-eslint/no-unused-vars
    64:11   warning  'Slide2048State' is defined but never used             @typescript-eslint/no-unused-vars
  1391:35   error    Unexpected any. Specify a different type               @typescript-eslint/no-explicit-any
  1664:10   warning  'quickTapState' is assigned a value but never used     @typescript-eslint/no-unused-vars
  1664:25   warning  'setQuickTapState' is assigned a value but never used  @typescript-eslint/no-unused-vars
  3561:156  warning  'additionalData' is defined but never used             @typescript-eslint/no-unused-vars

/app/src/app/shrine/page.tsx
  70:53  error  `'` can be escaped with `&apos;`, `&lsquo;`, `&#39;`, `&rsquo;`  react/no-unescaped-entities

/app/src/components/AiConcierge.tsx
  4:10  warning  'MessageCircle' is defined but never used  @typescript-eslint/no-unused-vars

/app/src/components/BattleLogTicker.tsx
  14:11  warning  'CommitLog' is defined but never used  @typescript-eslint/no-unused-vars

/app/src/components/DailyChallenge.tsx
  28:5  error  Error: Calling setState synchronously within an effect can trigger cascading renders

Effects are intended to synchronize state between React and external systems such as manually updating the DOM, state management libraries, or other platform APIs. In general, the body of an effect should do one or both of the following:
* Update external systems with the latest state from React.
* Subscribe for updates from some external system, calling setState in a callback function when external state changes.

Calling setState synchronously within an effect body causes cascading renders that can hurt performance, and is not recommended. (https://react.dev/learn/you-might-not-need-an-effect).

/app/src/components/DailyChallenge.tsx:28:5
  26 |     // Load XP and Level
  27 |     const storedXp = parseInt(localStorage.getItem("user_xp") || "0");
> 28 |     setXp(storedXp);
     |     ^^^^^ Avoid calling setState() directly within an effect
  29 |     setLevel(Math.floor(storedXp / 100) + 1);
  30 |
  31 |     // Streak Logic  react-hooks/set-state-in-effect

/app/src/components/DonationButton.tsx
  11:24  warning  'e' is defined but never used  @typescript-eslint/no-unused-vars

/app/src/components/LiveVisitorCounter.tsx
  4:10  warning  'Users' is defined but never used  @typescript-eslint/no-unused-vars

/app/src/components/ShareModal.tsx
  7:10  warning  'hasTriggered' is assigned a value but never used  @typescript-eslint/no-unused-vars

/app/src/components/features/CheerButton.tsx
  12:39  warning  'modelId' is defined but never used  @typescript-eslint/no-unused-vars

/app/src/components/features/CodeBattleTicker.tsx
  3:10  warning  'useEffect' is defined but never used  @typescript-eslint/no-unused-vars

/app/src/components/features/EngagementBoosters.tsx
   4:22  warning  'IconMimo' is defined but never used           @typescript-eslint/no-unused-vars
   4:32  warning  'IconGrok' is defined but never used           @typescript-eslint/no-unused-vars
  19:17  warning  'setVotes' is assigned a value but never used  @typescript-eslint/no-unused-vars

/app/src/components/features/GhostCursors.tsx
  6:18  warning  'id' is defined but never used  @typescript-eslint/no-unused-vars

/app/src/components/features/KonamiChaos.tsx
  43:6  warning  React Hook useEffect has a missing dependency: 'sequence'. Either include it or remove the dependency array  react-hooks/exhaustive-deps

/app/src/components/features/LiveVisitorCount.tsx
  4:10  warning  'IconAnalytics' is defined but never used  @typescript-eslint/no-unused-vars

/app/src/components/features/ReactionTest.tsx
  3:28  warning  'useEffect' is defined but never used        @typescript-eslint/no-unused-vars
  4:10  warning  'motion' is defined but never used           @typescript-eslint/no-unused-vars
  4:18  warning  'AnimatePresence' is defined but never used  @typescript-eslint/no-unused-vars

/app/src/components/features/RoastOMeter.tsx
  27:10  warning  'clickCount' is assigned a value but never used  @typescript-eslint/no-unused-vars

/app/src/components/features/SponsorPixelGrid.tsx
  2:10  warning  'useState' is defined but never used  @typescript-eslint/no-unused-vars

/app/src/components/home/RecentEvolutions.tsx
  52:9  warning  't' is assigned a value but never used  @typescript-eslint/no-unused-vars

✖ 100 problems (21 errors, 79 warnings)
  1 error and 5 warnings potentially fixable with the `--fix` option.
