
> self-evolving-website@0.1.0 dev
> next dev --port 3131

▲ Next.js 16.1.1 (Turbopack)
- Local:         http://localhost:3131
- Network:       http://192.168.0.2:3131

✓ Starting...
Attention: Next.js now collects completely anonymous telemetry regarding usage.
This information is used to shape Next.js' roadmap and prioritize features.
You can learn more, including how to opt-out if you'd not like to participate in this anonymous program, by visiting the following URL:
https://nextjs.org/telemetry

⚠ The "middleware" file convention is deprecated. Please use "proxy" instead. Learn more: https://nextjs.org/docs/messages/middleware-to-proxy
✓ Ready in 2.2s
○ Compiling /merch ...
DailyLoginBonus render state: null
 GET /merch 200 in 21.2s (compile: 18.9s, proxy.ts: 102ms, render: 2.2s)
DailyLoginBonus render state: null
 GET /merch 200 in 241ms (compile: 9ms, proxy.ts: 8ms, render: 224ms)
 GET /merch/checkout 200 in 2.7s (compile: 2.7s, proxy.ts: 15ms, render: 38ms)
 GET /merch 200 in 58ms (compile: 7ms, proxy.ts: 5ms, render: 46ms)
DailyLoginBonus render state: null
 GET /merch 200 in 221ms (compile: 6ms, proxy.ts: 7ms, render: 208ms)
 GET /merch/checkout 200 in 62ms (compile: 6ms, proxy.ts: 5ms, render: 51ms)
 GET /merch 200 in 44ms (compile: 7ms, proxy.ts: 9ms, render: 27ms)
DailyLoginBonus render state: null
 GET /merch 200 in 684ms (compile: 190ms, proxy.ts: 7ms, render: 488ms)
 GET /merch/checkout 200 in 73ms (compile: 10ms, proxy.ts: 10ms, render: 53ms)
 GET /merch 200 in 89ms (compile: 16ms, proxy.ts: 8ms, render: 65ms)
